[Wed May 13 21:59:51 2015] install: babel-french
[Wed May 13 21:59:58 2015] install: cancel
[Wed May 13 22:07:33 2015] install: lm
[Wed May 13 22:07:34 2015] install: multido
[Wed May 13 22:07:50 2015] install: pgf
[Wed May 13 22:07:50 2015] install: pst-3d
[Wed May 13 22:07:50 2015] install: pst-coil
[Wed May 13 22:07:50 2015] install: pst-eps
[Wed May 13 22:07:50 2015] install: pst-eucl
[Wed May 13 22:07:50 2015] install: pst-fill
[Wed May 13 22:07:51 2015] install: pst-grad
[Wed May 13 22:07:51 2015] install: pst-math
[Wed May 13 22:07:51 2015] install: pst-node
[Wed May 13 22:07:52 2015] install: pst-plot
[Wed May 13 22:07:53 2015] install: pst-text
[Wed May 13 22:07:53 2015] install: pst-tools
[Wed May 13 22:07:53 2015] install: pst-tree
[Wed May 13 22:07:55 2015] install: pstricks
[Wed May 13 22:07:55 2015] install: pstricks-add
[Wed May 13 22:07:55 2015] install: units
[Wed May 13 22:07:56 2015] install: wasy
[Wed May 13 22:07:56 2015] install: wasysym
[Wed May 13 22:07:57 2015] install: wrapfig
[Wed May 13 22:07:57 2015] install: xcolor
[Wed May 13 22:07:58 2015] install: xkeyval
[Wed May 13 22:20:46 2015] install: lm
[Wed May 13 22:24:16 2015] install: ec
[Wed May 13 22:24:18 2015] install: fontname
[Wed May 13 22:41:08 2015] install: animate
[Wed May 13 22:42:14 2015] install: beamer
[Wed May 13 22:42:42 2015] install: ms
[Wed May 13 22:43:29 2015] install: sansmathaccent
[Wed May 13 22:44:26 2015] install: filehook
